Using pre-set license
Built from '2020.3/staging' branch; Version is '2020.3.28f1 (f5400f52e03f) revision 16072719'; Using compiler version '192528614'; Build Type 'Release'
OS: 'Windows 11  (10.0.22000) 64bit Professional' Language: 'en' Physical Memory: 16323 MB
BatchMode: 1, IsHumanControllingUs: 0, StartBugReporterOnCrash: 0, Is64bit: 1, IsPro: 0

COMMAND LINE ARGUMENTS:
D:\Unity\2020.3.28f1\Editor\Unity.exe
-adb2
-batchMode
-noUpm
-name
AssetImportWorker0
-projectPath
D:/Project/Bai-Tap-1/Bai-Tap-1-Alta
-logFile
Logs/AssetImportWorker0.log
-srvPort
54432
Successfully changed project path to: D:/Project/Bai-Tap-1/Bai-Tap-1-Alta
D:/Project/Bai-Tap-1/Bai-Tap-1-Alta
Using Asset Import Pipeline V2.
Refreshing native plugins compatible for Editor in 39.40 ms, found 2 plugins.
Preloading 0 native plugins for Editor in 0.00 ms.
Initialize engine version: 2020.3.28f1 (f5400f52e03f)
[Subsystems] Discovering subsystems at path D:/Unity/2020.3.28f1/Editor/Data/Resources/UnitySubsystems
[Subsystems] Discovering subsystems at path D:/Project/Bai-Tap-1/Bai-Tap-1-Alta/Assets
GfxDevice: creating device client; threaded=0
Direct3D:
    Version:  Direct3D 11.0 [level 11.1]
    Renderer: NVIDIA GeForce RTX 2070 (ID=0x1f02)
    Vendor:   
    VRAM:     8031 MB
    Driver:   30.0.15.1179
Initialize mono
Mono path[0] = 'D:/Unity/2020.3.28f1/Editor/Data/Managed'
Mono path[1] = 'D:/Unity/2020.3.28f1/Editor/Data/MonoBleedingEdge/lib/mono/unityjit'
Mono config path = 'D:/Unity/2020.3.28f1/Editor/Data/MonoBleedingEdge/etc'
Using monoOptions --debugger-agent=transport=dt_socket,embedding=1,server=y,suspend=n,address=127.0.0.1:56036
Begin MonoManager ReloadAssembly
Registering precompiled unity dll's ...
Register platform support module: D:/Unity/2020.3.28f1/Editor/Data/PlaybackEngines/WebGLSupport/UnityEditor.WebGL.Extensions.dll
Register platform support module: D:/Unity/2020.3.28f1/Editor/Data/PlaybackEngines/WindowsStandaloneSupport/UnityEditor.WindowsStandalone.Extensions.dll
Registered in 0.001512 seconds.
Native extension for WindowsStandalone target not found
Native extension for WebGL target not found
Refreshing native plugins compatible for Editor in 37.34 ms, found 2 plugins.
Preloading 0 native plugins for Editor in 0.00 ms.
Mono: successfully reloaded assembly
- Completed reload, in  0.631 seconds
Domain Reload Profiling:
	ReloadAssembly (631ms)
		BeginReloadAssembly (93ms)
			ExecutionOrderSort (0ms)
			DisableScriptedObjects (0ms)
			BackupInstance (0ms)
			ReleaseScriptingObjects (0ms)
			CreateAndSetChildDomain (1ms)
		EndReloadAssembly (467ms)
			LoadAssemblies (94ms)
			RebuildTransferFunctionScriptingTraits (0ms)
			SetupTypeCache (155ms)
			ReleaseScriptCaches (0ms)
			RebuildScriptCaches (29ms)
			SetupLoadedEditorAssemblies (181ms)
				LogAssemblyErrors (0ms)
				InitializePlatformSupportModulesInManaged (5ms)
				SetLoadedEditorAssemblies (0ms)
				RefreshPlugins (37ms)
				BeforeProcessingInitializeOnLoad (15ms)
				ProcessInitializeOnLoadAttributes (95ms)
				ProcessInitializeOnLoadMethodAttributes (28ms)
				AfterProcessingInitializeOnLoad (0ms)
				EditorAssembliesLoaded (0ms)
			ExecutionOrderSort2 (0ms)
			AwakeInstancesAfterBackupRestoration (0ms)
Platform modules already initialized, skipping
Registering precompiled user dll's ...
Registered in 0.005016 seconds.
Begin MonoManager ReloadAssembly
Native extension for WindowsStandalone target not found
Native extension for WebGL target not found
Refreshing native plugins compatible for Editor in 0.48 ms, found 2 plugins.
Preloading 0 native plugins for Editor in 0.00 ms.
Mono: successfully reloaded assembly
- Completed reload, in  1.543 seconds
Domain Reload Profiling:
	ReloadAssembly (1544ms)
		BeginReloadAssembly (178ms)
			ExecutionOrderSort (0ms)
			DisableScriptedObjects (5ms)
			BackupInstance (0ms)
			ReleaseScriptingObjects (0ms)
			CreateAndSetChildDomain (19ms)
		EndReloadAssembly (1312ms)
			LoadAssemblies (126ms)
			RebuildTransferFunctionScriptingTraits (0ms)
			SetupTypeCache (379ms)
			ReleaseScriptCaches (0ms)
			RebuildScriptCaches (52ms)
			SetupLoadedEditorAssemblies (675ms)
				LogAssemblyErrors (0ms)
				InitializePlatformSupportModulesInManaged (5ms)
				SetLoadedEditorAssemblies (1ms)
				RefreshPlugins (1ms)
				BeforeProcessingInitializeOnLoad (103ms)
				ProcessInitializeOnLoadAttributes (546ms)
				ProcessInitializeOnLoadMethodAttributes (14ms)
				AfterProcessingInitializeOnLoad (4ms)
				EditorAssembliesLoaded (0ms)
			ExecutionOrderSort2 (0ms)
			AwakeInstancesAfterBackupRestoration (10ms)
Platform modules already initialized, skipping
========================================================================
Worker process is ready to serve import requests
Launched and connected shader compiler UnityShaderCompiler.exe after 0.08 seconds
Refreshing native plugins compatible for Editor in 0.47 ms, found 2 plugins.
Preloading 0 native plugins for Editor in 0.00 ms.
Unloading 1705 Unused Serialized files (Serialized files now loaded: 0)
System memory in use before: 89.5 MB.
System memory in use after: 89.6 MB.

Unloading 20 unused Assets to reduce memory usage. Loaded Objects now: 2153.
Total: 3.156600 ms (FindLiveObjects: 0.127000 ms CreateObjectMapping: 0.048300 ms MarkObjects: 2.846400 ms  DeleteObjects: 0.133200 ms)

AssetImportParameters requested are different than current active one (requested -> active):
  custom:framework-win-MediaFoundation: 216162199b28c13a410421893ffa2e32 -> 
  custom:video-decoder-ogg-theora: a1e56fd34408186e4bbccfd4996cb3dc -> 
  custom:container-muxer-webm: aa71ff27fc2769a1b78a27578f13a17b -> 
  custom:container-demuxer-webm: 4f35f7cbe854078d1ac9338744f61a02 -> 
  custom:container-demuxer-ogg: 62fdf1f143b41e24485cea50d1cbac27 -> 
  custom:video-encoder-webm-vp8: eb34c28f22e8b96e1ab97ce403110664 -> 
  custom:video-decoder-webm-vp8: 9c59270c3fd7afecdb556c50c9e8de78 -> 
  custom:audio-decoder-ogg-vorbis: bf7c407c2cedff20999df2af8eb42d56 -> 
  custom:audio-encoder-webm-vorbis: bf7c407c2cedff20999df2af8eb42d56 -> 
========================================================================
Received Import Request.
  path: Assets/Script/RaceInfoManager.cs
  artifactKey: Guid(528fad2720b0ba041ba1cf52223e3334) Importer(815301076,1909f56bfc062723c751e8b465ee728b)
Start importing Assets/Script/RaceInfoManager.cs using Guid(528fad2720b0ba041ba1cf52223e3334) Importer(815301076,1909f56bfc062723c751e8b465ee728b)  -> (artifact id: '857263e76b856a3065d138d933db5abf') in 0.075199 seconds 
  Import took 0.090799 seconds .

========================================================================
Received Import Request.
  Time since last request: 82.356163 seconds.
  path: Assets/Script/RaceInfoManager.cs
  artifactKey: Guid(528fad2720b0ba041ba1cf52223e3334) Importer(815301076,1909f56bfc062723c751e8b465ee728b)
Start importing Assets/Script/RaceInfoManager.cs using Guid(528fad2720b0ba041ba1cf52223e3334) Importer(815301076,1909f56bfc062723c751e8b465ee728b)  -> (artifact id: 'b9eecdd0aae9f87538a50e55201f91ca') in 0.007802 seconds 
  Import took 0.013091 seconds .

========================================================================
Received Import Request.
  Time since last request: 25.858515 seconds.
  path: Assets/Script/RaceInfoManager.cs
  artifactKey: Guid(528fad2720b0ba041ba1cf52223e3334) Importer(815301076,1909f56bfc062723c751e8b465ee728b)
Start importing Assets/Script/RaceInfoManager.cs using Guid(528fad2720b0ba041ba1cf52223e3334) Importer(815301076,1909f56bfc062723c751e8b465ee728b)  -> (artifact id: 'e02bd3f27bed937f47ad6e3fd6c565e7') in 0.004178 seconds 
  Import took 0.006717 seconds .

========================================================================
Received Import Request.
  Time since last request: 50.821811 seconds.
  path: Assets/Script/RaceInfoManager.cs
  artifactKey: Guid(528fad2720b0ba041ba1cf52223e3334) Importer(815301076,1909f56bfc062723c751e8b465ee728b)
Start importing Assets/Script/RaceInfoManager.cs using Guid(528fad2720b0ba041ba1cf52223e3334) Importer(815301076,1909f56bfc062723c751e8b465ee728b)  -> (artifact id: 'a33ddf55338465b1f767496b4b6e770e') in 0.004857 seconds 
  Import took 0.007368 seconds .

========================================================================
Received Import Request.
  Time since last request: 22.459731 seconds.
  path: Assets/Script/RaceInfoManager.cs
  artifactKey: Guid(528fad2720b0ba041ba1cf52223e3334) Importer(815301076,1909f56bfc062723c751e8b465ee728b)
Start importing Assets/Script/RaceInfoManager.cs using Guid(528fad2720b0ba041ba1cf52223e3334) Importer(815301076,1909f56bfc062723c751e8b465ee728b)  -> (artifact id: 'b493fd6f2e6a7ea2079cdf921c9cc569') in 0.003078 seconds 
  Import took 0.005668 seconds .

========================================================================
Received Import Request.
  Time since last request: 24.026296 seconds.
  path: Assets/Script/RaceInfoManager.cs
  artifactKey: Guid(528fad2720b0ba041ba1cf52223e3334) Importer(815301076,1909f56bfc062723c751e8b465ee728b)
Start importing Assets/Script/RaceInfoManager.cs using Guid(528fad2720b0ba041ba1cf52223e3334) Importer(815301076,1909f56bfc062723c751e8b465ee728b)  -> (artifact id: '9ed677b24e831d4dac3ccf9baa5eecd3') in 0.004181 seconds 
  Import took 0.006655 seconds .

========================================================================
Received Prepare
Registering precompiled user dll's ...
Registered in 0.004939 seconds.
Begin MonoManager ReloadAssembly
Native extension for WindowsStandalone target not found
Native extension for WebGL target not found
Refreshing native plugins compatible for Editor in 0.41 ms, found 2 plugins.
Preloading 0 native plugins for Editor in 0.00 ms.
Mono: successfully reloaded assembly
- Completed reload, in  1.036 seconds
Domain Reload Profiling:
	ReloadAssembly (1037ms)
		BeginReloadAssembly (147ms)
			ExecutionOrderSort (0ms)
			DisableScriptedObjects (5ms)
			BackupInstance (0ms)
			ReleaseScriptingObjects (0ms)
			CreateAndSetChildDomain (33ms)
		EndReloadAssembly (827ms)
			LoadAssemblies (136ms)
			RebuildTransferFunctionScriptingTraits (0ms)
			SetupTypeCache (297ms)
			ReleaseScriptCaches (1ms)
			RebuildScriptCaches (42ms)
			SetupLoadedEditorAssemblies (293ms)
				LogAssemblyErrors (0ms)
				InitializePlatformSupportModulesInManaged (5ms)
				SetLoadedEditorAssemblies (0ms)
				RefreshPlugins (0ms)
				BeforeProcessingInitializeOnLoad (68ms)
				ProcessInitializeOnLoadAttributes (209ms)
				ProcessInitializeOnLoadMethodAttributes (9ms)
				AfterProcessingInitializeOnLoad (2ms)
				EditorAssembliesLoaded (0ms)
			ExecutionOrderSort2 (0ms)
			AwakeInstancesAfterBackupRestoration (6ms)
Platform modules already initialized, skipping
Refreshing native plugins compatible for Editor in 0.40 ms, found 2 plugins.
Preloading 0 native plugins for Editor in 0.00 ms.
Unloading 1684 Unused Serialized files (Serialized files now loaded: 0)
System memory in use before: 87.9 MB.
System memory in use after: 88.0 MB.

Unloading 15 unused Assets to reduce memory usage. Loaded Objects now: 2155.
Total: 2.536900 ms (FindLiveObjects: 0.128300 ms CreateObjectMapping: 0.059600 ms MarkObjects: 2.330900 ms  DeleteObjects: 0.017400 ms)

AssetImportParameters requested are different than current active one (requested -> active):
  custom:framework-win-MediaFoundation: 216162199b28c13a410421893ffa2e32 -> 
  custom:video-decoder-ogg-theora: a1e56fd34408186e4bbccfd4996cb3dc -> 
  custom:container-muxer-webm: aa71ff27fc2769a1b78a27578f13a17b -> 
  custom:container-demuxer-webm: 4f35f7cbe854078d1ac9338744f61a02 -> 
  custom:container-demuxer-ogg: 62fdf1f143b41e24485cea50d1cbac27 -> 
  custom:video-encoder-webm-vp8: eb34c28f22e8b96e1ab97ce403110664 -> 
  custom:video-decoder-webm-vp8: 9c59270c3fd7afecdb556c50c9e8de78 -> 
  custom:audio-decoder-ogg-vorbis: bf7c407c2cedff20999df2af8eb42d56 -> 
  custom:audio-encoder-webm-vorbis: bf7c407c2cedff20999df2af8eb42d56 -> 
AssetImportWorkerClient::OnTransportError - code=2 error=End of file
